<?xml version="1.0" encoding="UTF-8"?>
<!-- Generated by org.testng.reporters.JUnitReportReporter -->
<testsuite name="com.jbk.qa.testcases.TestLogin" tests="1"
	time="60.504" ignored="0" failures="0" timestamp="27 Dec 2019 09:04:01 GMT"
	skipped="0" hostname="SUBHASHA-PC" errors="0">
	<testcase name="login" time="60.504" classname="com.jbk.qa.testcases.TestLogin" />
</testsuite> <!-- com.jbk.qa.testcases.TestLogin -->
