<?xml version="1.0" encoding="UTF-8"?>
<!-- Generated by org.testng.reporters.JUnitReportReporter -->
<testsuite name="com.jbk.qa.testcases.LoginPageTest" tests="11"
	time="6.838" ignored="8" failures="0" timestamp="29 Dec 2019 13:08:13 GMT"
	skipped="0" hostname="SUBHASHA-PC" errors="0">
	<testcase name="verifyloginsesion" time="0.031"
		classname="com.jbk.qa.testcases.LoginPageTest" />
	<testcase name="verifyUrl" time="0.120"
		classname="com.jbk.qa.testcases.LoginPageTest" />
	<testcase name="verifyPlaceHolderUsername" time="0.096"
		classname="com.jbk.qa.testcases.LoginPageTest" />
	<testcase name="Login" time="1.641"
		classname="com.jbk.qa.testcases.LoginPageTest" />
	<testcase name="verifyLinks" time="0.054"
		classname="com.jbk.qa.testcases.LoginPageTest" />
	<testcase name="verifyPlaceHolderPassword" time="0.055"
		classname="com.jbk.qa.testcases.LoginPageTest" />
	<testcase name="verifyApplicationTitle" time="0.017"
		classname="com.jbk.qa.testcases.LoginPageTest" />
	<testcase name="verifyTitle" time="0.092"
		classname="com.jbk.qa.testcases.LoginPageTest" />
	<testcase name="Login" time="1.512"
		classname="com.jbk.qa.testcases.LoginPageTest" />
	<testcase name="verifyButtoncolor" time="0.221"
		classname="com.jbk.qa.testcases.LoginPageTest" />
	<testcase name="Login" time="2.999"
		classname="com.jbk.qa.testcases.LoginPageTest" />
	<testcase name="tearDown" classname="com.jbk.qa.base.TestBase">
		<skipped />
	</testcase> <!-- tearDown -->
	<testcase name="tearDown" classname="com.jbk.qa.base.TestBase">
		<skipped />
	</testcase> <!-- tearDown -->
	<testcase name="setup_Browser" classname="com.jbk.qa.base.TestBase">
		<skipped />
	</testcase> <!-- setup_Browser -->
	<testcase name="setup_Browser" classname="com.jbk.qa.base.TestBase">
		<skipped />
	</testcase> <!-- setup_Browser -->
	<testcase name="setUp" classname="com.jbk.qa.base.TestBase">
		<skipped />
	</testcase> <!-- setUp -->
	<testcase name="setUp" classname="com.jbk.qa.base.TestBase">
		<skipped />
	</testcase> <!-- setUp -->
	<testcase name="CloseApplication" classname="com.jbk.qa.base.TestBase">
		<skipped />
	</testcase> <!-- CloseApplication -->
	<testcase name="CloseApplication" classname="com.jbk.qa.base.TestBase">
		<skipped />
	</testcase> <!-- CloseApplication -->
</testsuite> <!-- com.jbk.qa.testcases.LoginPageTest -->
