<?xml version="1.0" encoding="UTF-8"?>
<!-- Generated by org.testng.reporters.JUnitReportReporter -->
<testsuite name="com.jbk.qa.testcases.LoginPageTest" tests="11" time="11.351" ignored="8" failures="0" timestamp="29 Dec 2019 20:59:26 GMT" skipped="0" hostname="SUBHASHA-PC" errors="0">
  <testcase name="verifyloginsesion" time="0.025" classname="com.jbk.qa.testcases.LoginPageTest"/>
  <testcase name="verifyUrl" time="0.110" classname="com.jbk.qa.testcases.LoginPageTest"/>
  <testcase name="verifyPlaceHolderUsername" time="0.682" classname="com.jbk.qa.testcases.LoginPageTest"/>
  <testcase name="Login" time="4.687" classname="com.jbk.qa.testcases.LoginPageTest"/>
  <testcase name="verifyLinks" time="0.048" classname="com.jbk.qa.testcases.LoginPageTest"/>
  <testcase name="verifyPlaceHolderPassword" time="0.064" classname="com.jbk.qa.testcases.LoginPageTest"/>
  <testcase name="verifyApplicationTitle" time="0.015" classname="com.jbk.qa.testcases.LoginPageTest"/>
  <testcase name="verifyTitle" time="0.051" classname="com.jbk.qa.testcases.LoginPageTest"/>
  <testcase name="Login" time="1.674" classname="com.jbk.qa.testcases.LoginPageTest"/>
  <testcase name="verifyButtoncolor" time="0.681" classname="com.jbk.qa.testcases.LoginPageTest"/>
  <testcase name="Login" time="3.314" classname="com.jbk.qa.testcases.LoginPageTest"/>
  <testcase name="tearDown" classname="com.jbk.qa.base.TestBase">
    <skipped/>
  </testcase> <!-- tearDown -->
  <testcase name="tearDown" classname="com.jbk.qa.base.TestBase">
    <skipped/>
  </testcase> <!-- tearDown -->
  <testcase name="setup_Browser" classname="com.jbk.qa.base.TestBase">
    <skipped/>
  </testcase> <!-- setup_Browser -->
  <testcase name="setup_Browser" classname="com.jbk.qa.base.TestBase">
    <skipped/>
  </testcase> <!-- setup_Browser -->
  <testcase name="setUp" classname="com.jbk.qa.base.TestBase">
    <skipped/>
  </testcase> <!-- setUp -->
  <testcase name="setUp" classname="com.jbk.qa.base.TestBase">
    <skipped/>
  </testcase> <!-- setUp -->
  <testcase name="CloseApplication" classname="com.jbk.qa.base.TestBase">
    <skipped/>
  </testcase> <!-- CloseApplication -->
  <testcase name="CloseApplication" classname="com.jbk.qa.base.TestBase">
    <skipped/>
  </testcase> <!-- CloseApplication -->
</testsuite> <!-- com.jbk.qa.testcases.LoginPageTest -->
