<?xml version="1.0" encoding="UTF-8"?>
<!-- Generated by org.testng.reporters.JUnitReportReporter -->
<testsuite name="com.jbk.qa.base.TestBase" tests="1" time="0.000"
	ignored="8" failures="0" timestamp="29 Dec 2019 12:09:27 GMT" skipped="0"
	hostname="SUBHASHA-PC" errors="1">
	<testcase name="CloseApplication" time="0.000"
		classname="com.jbk.qa.base.TestBase">
		<error type="org.openqa.selenium.NoSuchSessionException"
			message="Session ID is null. Using WebDriver after calling quit()?
Build info: version: &#039;3.9.1&#039;, revision: &#039;63f7b50&#039;, time: &#039;2018-02-07T22:25:02.294Z&#039;
System info: host: &#039;SUBHASHA-PC&#039;, ip: &#039;192.168.1.203&#039;, os.name: &#039;Windows 10&#039;, os.arch: &#039;amd64&#039;, os.version: &#039;10.0&#039;, java.version: &#039;1.8.0_212&#039;
Driver info: driver.version: RemoteWebDriver">
      <![CDATA[org.openqa.selenium.NoSuchSessionException: Session ID is null. Using WebDriver after calling quit()?
Build info: version: '3.9.1', revision: '63f7b50', time: '2018-02-07T22:25:02.294Z'
System info: host: 'SUBHASHA-PC', ip: '192.168.1.203', os.name: 'Windows 10', os.arch: 'amd64', os.version: '10.0', java.version: '1.8.0_212'
Driver info: driver.version: RemoteWebDriver
	at org.openqa.selenium.remote.HttpCommandExecutor.execute(HttpCommandExecutor.java:127)
	at org.openqa.selenium.remote.service.DriverCommandExecutor.execute(DriverCommandExecutor.java:83)
	at org.openqa.selenium.remote.RemoteWebDriver.execute(RemoteWebDriver.java:601)
	at org.openqa.selenium.remote.RemoteWebDriver.execute(RemoteWebDriver.java:658)
	at org.openqa.selenium.remote.RemoteWebDriver.close(RemoteWebDriver.java:487)
	at com.jbk.qa.base.TestBase.CloseApplication(TestBase.java:36)
	at sun.reflect.NativeMethodAccessorImpl.invoke0(Native Method)
	at sun.reflect.NativeMethodAccessorImpl.invoke(Unknown Source)
	at sun.reflect.DelegatingMethodAccessorImpl.invoke(Unknown Source)
	at java.lang.reflect.Method.invoke(Unknown Source)
	at org.testng.internal.MethodInvocationHelper.invokeMethod(MethodInvocationHelper.java:104)
	at org.testng.internal.Invoker.invokeConfigurationMethod(Invoker.java:515)
	at org.testng.internal.Invoker.invokeConfigurations(Invoker.java:217)
	at org.testng.internal.Invoker.invokeConfigurations(Invoker.java:144)
	at org.testng.SuiteRunner.privateRun(SuiteRunner.java:357)
	at org.testng.SuiteRunner.run(SuiteRunner.java:289)
	at org.testng.SuiteRunnerWorker.runSuite(SuiteRunnerWorker.java:52)
	at org.testng.SuiteRunnerWorker.run(SuiteRunnerWorker.java:86)
	at org.testng.TestNG.runSuitesSequentially(TestNG.java:1293)
	at org.testng.TestNG.runSuitesLocally(TestNG.java:1218)
	at org.testng.TestNG.runSuites(TestNG.java:1133)
	at org.testng.TestNG.run(TestNG.java:1104)
	at org.testng.remote.AbstractRemoteTestNG.run(AbstractRemoteTestNG.java:132)
	at org.testng.remote.RemoteTestNG.initAndRun(RemoteTestNG.java:236)
	at org.testng.remote.RemoteTestNG.main(RemoteTestNG.java:81)
]]>
		</error>
	</testcase> <!-- CloseApplication -->
	<testcase name="tearDown" classname="com.jbk.qa.base.TestBase">
		<skipped />
	</testcase> <!-- tearDown -->
	<testcase name="tearDown" classname="com.jbk.qa.base.TestBase">
		<skipped />
	</testcase> <!-- tearDown -->
	<testcase name="setup_Browser" classname="com.jbk.qa.base.TestBase">
		<skipped />
	</testcase> <!-- setup_Browser -->
	<testcase name="setup_Browser" classname="com.jbk.qa.base.TestBase">
		<skipped />
	</testcase> <!-- setup_Browser -->
	<testcase name="setUp" classname="com.jbk.qa.base.TestBase">
		<skipped />
	</testcase> <!-- setUp -->
	<testcase name="setUp" classname="com.jbk.qa.base.TestBase">
		<skipped />
	</testcase> <!-- setUp -->
	<testcase name="CloseApplication" classname="com.jbk.qa.base.TestBase">
		<skipped />
	</testcase> <!-- CloseApplication -->
	<testcase name="CloseApplication" classname="com.jbk.qa.base.TestBase">
		<skipped />
	</testcase> <!-- CloseApplication -->
</testsuite> <!-- com.jbk.qa.base.TestBase -->
