<?xml version="1.0" encoding="UTF-8"?>
<!-- Generated by org.testng.reporters.JUnitReportReporter -->
<testsuite name="com.jbk.qa.testcases.AddUserPageTest" tests="3"
	time="0.000" ignored="16" failures="0" timestamp="29 Dec 2019 11:30:20 GMT"
	skipped="3" hostname="SUBHASHA-PC" errors="0">
	<testcase name="verifyAdduserBlankinfo" time="0.000"
		classname="com.jbk.qa.testcases.AddUserPageTest">
		<skipped />
	</testcase> <!-- verifyAdduserBlankinfo -->
	<testcase name="verifyTitle" time="0.000"
		classname="com.jbk.qa.testcases.AddUserPageTest">
		<skipped />
	</testcase> <!-- verifyTitle -->
	<testcase name="verifyUserlink" time="0.000"
		classname="com.jbk.qa.testcases.AddUserPageTest">
		<skipped />
	</testcase> <!-- verifyUserlink -->
	<testcase name="setup_Browser" classname="com.jbk.qa.base.TestBase">
		<skipped />
	</testcase> <!-- setup_Browser -->
	<testcase name="setup_Browser" classname="com.jbk.qa.base.TestBase">
		<skipped />
	</testcase> <!-- setup_Browser -->
	<testcase name="setup_Browser" classname="com.jbk.qa.base.TestBase">
		<skipped />
	</testcase> <!-- setup_Browser -->
	<testcase name="setup_Browser" classname="com.jbk.qa.base.TestBase">
		<skipped />
	</testcase> <!-- setup_Browser -->
	<testcase name="setUp" classname="com.jbk.qa.base.TestBase">
		<skipped />
	</testcase> <!-- setUp -->
	<testcase name="setUp" classname="com.jbk.qa.base.TestBase">
		<skipped />
	</testcase> <!-- setUp -->
	<testcase name="setUp" classname="com.jbk.qa.base.TestBase">
		<skipped />
	</testcase> <!-- setUp -->
	<testcase name="setUp" classname="com.jbk.qa.base.TestBase">
		<skipped />
	</testcase> <!-- setUp -->
	<testcase name="CloseApplication" classname="com.jbk.qa.base.TestBase">
		<skipped />
	</testcase> <!-- CloseApplication -->
	<testcase name="CloseApplication" classname="com.jbk.qa.base.TestBase">
		<skipped />
	</testcase> <!-- CloseApplication -->
	<testcase name="CloseApplication" classname="com.jbk.qa.base.TestBase">
		<skipped />
	</testcase> <!-- CloseApplication -->
	<testcase name="CloseApplication" classname="com.jbk.qa.base.TestBase">
		<skipped />
	</testcase> <!-- CloseApplication -->
	<testcase name="tearDown" classname="com.jbk.qa.base.TestBase">
		<skipped />
	</testcase> <!-- tearDown -->
	<testcase name="tearDown" classname="com.jbk.qa.base.TestBase">
		<skipped />
	</testcase> <!-- tearDown -->
	<testcase name="tearDown" classname="com.jbk.qa.base.TestBase">
		<skipped />
	</testcase> <!-- tearDown -->
	<testcase name="tearDown" classname="com.jbk.qa.base.TestBase">
		<skipped />
	</testcase> <!-- tearDown -->
</testsuite> <!-- com.jbk.qa.testcases.AddUserPageTest -->
