<?xml version="1.0" encoding="UTF-8"?>
<!-- Generated by org.testng.reporters.JUnitReportReporter -->
<testsuite name="com.jbk.offlineweb.Dashboard_MainNavigation_TestCase"
	tests="6" time="19.192" ignored="0" failures="0" timestamp="24 Dec 2019 04:39:06 GMT"
	skipped="0" hostname="SUBHASHA-PC" errors="0">
	<testcase name="Verify_Useful_Link_LeftNavigation" time="2.174"
		classname="com.jbk.offlineweb.Dashboard_MainNavigation_TestCase" />
	<testcase name="Verify_Download_Link_LeftNavigation" time="2.407"
		classname="com.jbk.offlineweb.Dashboard_MainNavigation_TestCase" />
	<testcase name="Verify_User_link_LeftNavigation" time="2.307"
		classname="com.jbk.offlineweb.Dashboard_MainNavigation_TestCase" />
	<testcase name="Verify_Operatorslink_LeftNavigation" time="2.329"
		classname="com.jbk.offlineweb.Dashboard_MainNavigation_TestCase" />
	<testcase name="Verify_Logout_Link_LeftNavigation" time="2.196"
		classname="com.jbk.offlineweb.Dashboard_MainNavigation_TestCase" />
	<testcase name="validUsername_Password" time="7.779"
		classname="com.jbk.offlineweb.Dashboard_MainNavigation_TestCase" />
</testsuite> <!-- com.jbk.offlineweb.Dashboard_MainNavigation_TestCase -->
