<?xml version="1.0" encoding="UTF-8"?>
<!-- Generated by org.testng.reporters.JUnitReportReporter -->
<testsuite name="com.jbk.offlineweb.LoginTestCase" tests="11"
	time="4.641" ignored="0" failures="0" timestamp="24 Dec 2019 04:39:06 GMT"
	skipped="0" hostname="SUBHASHA-PC" errors="0">
	<testcase name="Verify_Url_Offlinewebsite" time="0.233"
		classname="com.jbk.offlineweb.LoginTestCase" />
	<testcase name="Verify_Text_StrartYourSession_LoignPage" time="0.020"
		classname="com.jbk.offlineweb.LoginTestCase" />
	<testcase name="verity_TestOfJavaByKiran_LoginPage" time="0.023"
		classname="com.jbk.offlineweb.LoginTestCase" />
	<testcase name="Verify_PlaceHolder_Username_LoginPage" time="0.024"
		classname="com.jbk.offlineweb.LoginTestCase" />
	<testcase name="Login" time="1.362" classname="com.jbk.offlineweb.LoginTestCase" />
	<testcase name="Verify_Color_SignButton_LoginPage" time="0.277"
		classname="com.jbk.offlineweb.LoginTestCase" />
	<testcase name="Login" time="1.314" classname="com.jbk.offlineweb.LoginTestCase" />
	<testcase name="Verfy_Links_avilable_On_LoignPage" time="0.023"
		classname="com.jbk.offlineweb.LoginTestCase" />
	<testcase name="Verify_PlaceHolder_Password_LoginPage" time="0.016"
		classname="com.jbk.offlineweb.LoginTestCase" />
	<testcase name="Login" time="1.339" classname="com.jbk.offlineweb.LoginTestCase" />
	<testcase name="Verify_ApplicationTitle_LoginPage" time="0.010"
		classname="com.jbk.offlineweb.LoginTestCase" />
</testsuite> <!-- com.jbk.offlineweb.LoginTestCase -->
