<?xml version="1.0" encoding="UTF-8"?>
<!-- Generated by org.testng.reporters.JUnitReportReporter -->
<testsuite name="com.jbk.offlineweb.Register_Member_TestCase"
	tests="10" time="14.123" ignored="0" failures="0"
	timestamp="24 Dec 2019 04:39:06 GMT" skipped="0" hostname="SUBHASHA-PC"
	errors="0">
	<testcase name="Check_ValidInfo_AllFields" time="12.760"
		classname="com.jbk.offlineweb.Register_Member_TestCase" />
	<testcase name="VerifyRegister_Heading" time="0.009"
		classname="com.jbk.offlineweb.Register_Member_TestCase" />
	<testcase name="Check_PlaceHolder_Name" time="0.063"
		classname="com.jbk.offlineweb.Register_Member_TestCase" />
	<testcase name="Check_PlaceHolder_Email" time="0.030"
		classname="com.jbk.offlineweb.Register_Member_TestCase" />
	<testcase name="click_RegUser" time="0.343"
		classname="com.jbk.offlineweb.Register_Member_TestCase" />
	<testcase name="Check_PlaceHolder_Password" time="0.031"
		classname="com.jbk.offlineweb.Register_Member_TestCase" />
	<testcase name="check_already_membership" time="0.162"
		classname="com.jbk.offlineweb.Register_Member_TestCase" />
	<testcase name="Check_PlaceHolder_Mobile" time="0.024"
		classname="com.jbk.offlineweb.Register_Member_TestCase" />
	<testcase name="Blank_Info_InAllfields" time="0.435"
		classname="com.jbk.offlineweb.Register_Member_TestCase" />
	<testcase name="Check_ErrorMessage_AllFields" time="0.266"
		classname="com.jbk.offlineweb.Register_Member_TestCase" />
</testsuite> <!-- com.jbk.offlineweb.Register_Member_TestCase -->
